Using pre-set license

 COMMAND LINE ARGUMENTS:
/Applications/Unity/Hub/Editor/2020.3.0f1/Unity.app/Contents/MacOS/Unity
-adb2
-batchMode
-noUpm
-name
AssetImportWorker1
-projectPath
/Users/acarolren/Documents/studyHard/Unity-Projects/Fresh Pots
-logFile
Logs/AssetImportWorker1.log
-srvPort
56350
Successfully changed project path to: /Users/acarolren/Documents/studyHard/Unity-Projects/Fresh Pots
/Users/acarolren/Documents/studyHard/Unity-Projects/Fresh Pots
Using Asset Import Pipeline V2.
Refreshing native plugins compatible for Editor in 73.21 ms, found 2 plugins.
Preloading 0 native plugins for Editor in 0.00 ms.
Initialize engine version: 2020.3.0f1 (c7b5465681fb)
[Subsystems] Discovering subsystems at path /Applications/Unity/Hub/Editor/2020.3.0f1/Unity.app/Contents/Resources/UnitySubsystems
[Subsystems] Discovering subsystems at path /Users/acarolren/Documents/studyHard/Unity-Projects/Fresh Pots/Assets
GfxDevice: creating device client; threaded=0
2021-05-15 17:57:42.235 Unity[233:1471347] Color LCD preferred device: Intel(R) UHD Graphics 617 (low power)
2021-05-15 17:57:42.235 Unity[233:1471347] Metal devices available: 1
2021-05-15 17:57:42.235 Unity[233:1471347] 0: Intel(R) UHD Graphics 617 (low power)
2021-05-15 17:57:42.240 Unity[233:1471347] Using device Intel(R) UHD Graphics 617 (low power)
Initializing Metal device caps: Intel(R) UHD Graphics 617
Initialize mono
Mono path[0] = '/Applications/Unity/Hub/Editor/2020.3.0f1/Unity.app/Contents/Managed'
Mono path[1] = '/Applications/Unity/Hub/Editor/2020.3.0f1/Unity.app/Contents/MonoBleedingEdge/lib/mono/unityjit'
Mono config path = '/Applications/Unity/Hub/Editor/2020.3.0f1/Unity.app/Contents/MonoBleedingEdge/etc'
Using monoOptions --debugger-agent=transport=dt_socket,embedding=1,server=y,suspend=n,address=127.0.0.1:56233
Begin MonoManager ReloadAssembly
Error scanning for extension ivy.xml files: System.UnauthorizedAccessException: Access to the path '/Applications/Unity/Hub/Editor/2020.3.0f1/PlaybackEngines/WebGLSupport/BuildTools/Emscripten_Mac/node' is denied.
  at System.IO.__Error.WinIOError (System.Int32 errorCode, System.String maybeFullPath) [0x00129] in <eae584ce26bc40229c1b1aa476bfa589>:0 
  at System.IO.FileSystemEnumerableIterator`1[TSource].HandleError (System.Int32 hr, System.String path) [0x00006] in <eae584ce26bc40229c1b1aa476bfa589>:0 
  at System.IO.FileSystemEnumerableIterator`1[TSource].AddSearchableDirsToStack (System.IO.Directory+SearchData localSearchData) [0x00053] in <eae584ce26bc40229c1b1aa476bfa589>:0 
  at System.IO.FileSystemEnumerableIterator`1[TSource].MoveNext () [0x0008e] in <eae584ce26bc40229c1b1aa476bfa589>:0 
  at System.Collections.Generic.List`1[T]..ctor (System.Collections.Generic.IEnumerable`1[T] collection) [0x00077] in <eae584ce26bc40229c1b1aa476bfa589>:0 
  at System.IO.Directory.InternalGetFileDirectoryNames (System.String path, System.String userPathOriginal, System.String searchPattern, System.Boolean includeFiles, System.Boolean includeDirs, System.IO.SearchOption searchOption, System.Boolean checkHost) [0x0000f] in <eae584ce26bc40229c1b1aa476bfa589>:0 
  at System.IO.Directory.InternalGetFiles (System.String path, System.String searchPattern, System.IO.SearchOption searchOption) [0x00000] in <eae584ce26bc40229c1b1aa476bfa589>:0 
  at System.IO.Directory.GetFiles (System.String path, System.String searchPattern, System.IO.SearchOption searchOption) [0x00038] in <eae584ce26bc40229c1b1aa476bfa589>:0 
  at UnityEditor.Modules.ModuleManager.LoadLegacyExtensionsFromIvyFiles () [0x000a5] in /Users/bokken/buildslave/unity/build/Editor/Mono/Modules/ModuleManager.cs:253 
Registering precompiled unity dll's ...
Register platform support module: /Applications/Unity/Hub/Editor/2020.3.0f1/PlaybackEngines/WebGLSupport/UnityEditor.WebGL.Extensions.dll
Register platform support module: /Applications/Unity/Hub/Editor/2020.3.0f1/Unity.app/Contents/PlaybackEngines/MacStandaloneSupport/UnityEditor.OSXStandalone.Extensions.dll
Registered in 0.004809 seconds.
Native extension for OSXStandalone target not found
Native extension for WebGL target not found
Refreshing native plugins compatible for Editor in 49.19 ms, found 2 plugins.
Preloading 0 native plugins for Editor in 0.00 ms.
Invoked RoslynAnalysisRunner static constructor.
RoslynAnalysisRunner will not be running.
RoslynAnalysisRunner has terminated.
Mono: successfully reloaded assembly
- Completed reload, in  8.295 seconds
Platform modules already initialized, skipping
Registering precompiled user dll's ...
Registered in 0.005012 seconds.
Begin MonoManager ReloadAssembly
Native extension for OSXStandalone target not found
Native extension for WebGL target not found
Refreshing native plugins compatible for Editor in 48.96 ms, found 2 plugins.
Preloading 0 native plugins for Editor in 0.00 ms.
Invoked RoslynAnalysisRunner static constructor.
RoslynAnalysisRunner will not be running.
RoslynAnalysisRunner has terminated.
Mono: successfully reloaded assembly
- Completed reload, in  1.622 seconds
Platform modules already initialized, skipping
========================================================================
Worker process is ready to serve import requests
Launching external process: /Applications/Unity/Hub/Editor/2020.3.0f1/Unity.app/Contents/Tools/UnityShaderCompiler
Launched and connected shader compiler UnityShaderCompiler after 0.41 seconds
Refreshing native plugins compatible for Editor in 0.55 ms, found 2 plugins.
Preloading 0 native plugins for Editor in 0.00 ms.
Unloading 1845 Unused Serialized files (Serialized files now loaded: 0)
System memory in use before: 144.2 MB.
System memory in use after: 144.2 MB.

Unloading 20 unused Assets to reduce memory usage. Loaded Objects now: 2293.
Total: 2.734128 ms (FindLiveObjects: 0.256010 ms CreateObjectMapping: 0.084474 ms MarkObjects: 2.305092 ms  DeleteObjects: 0.086511 ms)

========================================================================
Received Import Request.
  path: Assets/Sprites/coffeealone.png
  artifactKey: Guid(a854a164a948f4c00a0fb5efd696cbf9) Importer(815301076,1909f56bfc062723c751e8b465ee728b)
Start importing Assets/Sprites/coffeealone.png using Guid(a854a164a948f4c00a0fb5efd696cbf9) Importer(815301076,1909f56bfc062723c751e8b465ee728b)  -> (artifact id: '506ebf4d947cba0c4e15dc65460db9e9') in 2.084091 seconds
  Import took 2.090230 seconds .

========================================================================
Received Import Request.
  Time since last request: 4.465384 seconds.
  path: Assets/Sprites/coffeealone.png
  artifactKey: Guid(a854a164a948f4c00a0fb5efd696cbf9) Importer(815301076,1909f56bfc062723c751e8b465ee728b)
Start importing Assets/Sprites/coffeealone.png using Guid(a854a164a948f4c00a0fb5efd696cbf9) Importer(815301076,1909f56bfc062723c751e8b465ee728b)  -> (artifact id: '3814e91629d76d23b7734cb092f517a7') in 0.037854 seconds
  Import took 0.047504 seconds .

========================================================================
Received Import Request.
  Time since last request: 4.991163 seconds.
  path: Assets/Sprites/coffeealone.png
  artifactKey: Guid(a854a164a948f4c00a0fb5efd696cbf9) Importer(815301076,1909f56bfc062723c751e8b465ee728b)
Start importing Assets/Sprites/coffeealone.png using Guid(a854a164a948f4c00a0fb5efd696cbf9) Importer(815301076,1909f56bfc062723c751e8b465ee728b)  -> (artifact id: '5d3f16460c623947483465830aeb6dad') in 0.025125 seconds
  Import took 0.033328 seconds .

========================================================================
Received Import Request.
  Time since last request: 11.345562 seconds.
  path: Assets/Sprites/coffeealone.png
  artifactKey: Guid(a854a164a948f4c00a0fb5efd696cbf9) Importer(815301076,1909f56bfc062723c751e8b465ee728b)
Start importing Assets/Sprites/coffeealone.png using Guid(a854a164a948f4c00a0fb5efd696cbf9) Importer(815301076,1909f56bfc062723c751e8b465ee728b)  -> (artifact id: 'a8af0e637a436d23290892c1ed368bdb') in 0.030421 seconds
  Import took 0.039666 seconds .

========================================================================
Received Prepare
Registering precompiled user dll's ...
Registered in 0.002387 seconds.
Begin MonoManager ReloadAssembly
Native extension for OSXStandalone target not found
Native extension for WebGL target not found
Refreshing native plugins compatible for Editor in 0.51 ms, found 2 plugins.
Preloading 0 native plugins for Editor in 0.00 ms.
Invoked RoslynAnalysisRunner static constructor.
RoslynAnalysisRunner will not be running.
RoslynAnalysisRunner has terminated.
Mono: successfully reloaded assembly
- Completed reload, in  1.557 seconds
Platform modules already initialized, skipping
Refreshing native plugins compatible for Editor in 0.45 ms, found 2 plugins.
Preloading 0 native plugins for Editor in 0.00 ms.
Unloading 1835 Unused Serialized files (Serialized files now loaded: 0)
System memory in use before: 151.7 MB.
System memory in use after: 151.8 MB.

Unloading 8 unused Assets to reduce memory usage. Loaded Objects now: 2303.
Total: 2.857204 ms (FindLiveObjects: 0.304750 ms CreateObjectMapping: 0.121930 ms MarkObjects: 2.404281 ms  DeleteObjects: 0.023000 ms)

========================================================================
Received Prepare
Registering precompiled user dll's ...
Registered in 0.006543 seconds.
Begin MonoManager ReloadAssembly
Native extension for OSXStandalone target not found
Native extension for WebGL target not found
Refreshing native plugins compatible for Editor in 0.42 ms, found 2 plugins.
Preloading 0 native plugins for Editor in 0.00 ms.
Invoked RoslynAnalysisRunner static constructor.
RoslynAnalysisRunner will not be running.
RoslynAnalysisRunner has terminated.
Mono: successfully reloaded assembly
- Completed reload, in  1.465 seconds
Platform modules already initialized, skipping
Refreshing native plugins compatible for Editor in 1.02 ms, found 2 plugins.
Preloading 0 native plugins for Editor in 0.00 ms.
Unloading 1835 Unused Serialized files (Serialized files now loaded: 0)
System memory in use before: 151.9 MB.
System memory in use after: 152.0 MB.

Unloading 8 unused Assets to reduce memory usage. Loaded Objects now: 2307.
Total: 4.031544 ms (FindLiveObjects: 0.556539 ms CreateObjectMapping: 0.177424 ms MarkObjects: 3.232716 ms  DeleteObjects: 0.043905 ms)

========================================================================
Received Import Request.
  Time since last request: 373.039955 seconds.
  path: Assets/Scripts/Coffee.cs
  artifactKey: Guid(fbd0681bc1fa741ea9846c6d83d3fb7a) Importer(815301076,1909f56bfc062723c751e8b465ee728b)
Start importing Assets/Scripts/Coffee.cs using Guid(fbd0681bc1fa741ea9846c6d83d3fb7a) Importer(815301076,1909f56bfc062723c751e8b465ee728b)  -> (artifact id: '7405c4384bb96e1172b25c5731ed1e91') in 0.668843 seconds
  Import took 0.674641 seconds .

========================================================================
Received Prepare
Registering precompiled user dll's ...
Registered in 0.003072 seconds.
Begin MonoManager ReloadAssembly
Native extension for OSXStandalone target not found
Native extension for WebGL target not found
Refreshing native plugins compatible for Editor in 0.48 ms, found 2 plugins.
Preloading 0 native plugins for Editor in 0.00 ms.
Invoked RoslynAnalysisRunner static constructor.
RoslynAnalysisRunner will not be running.
RoslynAnalysisRunner has terminated.
Mono: successfully reloaded assembly
- Completed reload, in  1.780 seconds
Platform modules already initialized, skipping
Refreshing native plugins compatible for Editor in 0.54 ms, found 2 plugins.
Preloading 0 native plugins for Editor in 0.00 ms.
Unloading 1836 Unused Serialized files (Serialized files now loaded: 0)
System memory in use before: 156.4 MB.
System memory in use after: 156.5 MB.

Unloading 8 unused Assets to reduce memory usage. Loaded Objects now: 2312.
Total: 3.514419 ms (FindLiveObjects: 0.528497 ms CreateObjectMapping: 0.175163 ms MarkObjects: 2.757977 ms  DeleteObjects: 0.049219 ms)

========================================================================
Received Prepare
Registering precompiled user dll's ...
Registered in 0.002079 seconds.
Begin MonoManager ReloadAssembly
Native extension for OSXStandalone target not found
Native extension for WebGL target not found
Refreshing native plugins compatible for Editor in 0.43 ms, found 2 plugins.
Preloading 0 native plugins for Editor in 0.00 ms.
Invoked RoslynAnalysisRunner static constructor.
RoslynAnalysisRunner will not be running.
RoslynAnalysisRunner has terminated.
Mono: successfully reloaded assembly
- Completed reload, in  1.805 seconds
Platform modules already initialized, skipping
Refreshing native plugins compatible for Editor in 0.83 ms, found 2 plugins.
Preloading 0 native plugins for Editor in 0.00 ms.
Unloading 1836 Unused Serialized files (Serialized files now loaded: 0)
System memory in use before: 156.6 MB.
System memory in use after: 156.7 MB.

Unloading 8 unused Assets to reduce memory usage. Loaded Objects now: 2316.
Total: 4.261635 ms (FindLiveObjects: 0.606181 ms CreateObjectMapping: 0.359321 ms MarkObjects: 3.246140 ms  DeleteObjects: 0.047148 ms)

========================================================================
Received Prepare
Registering precompiled user dll's ...
Registered in 0.002821 seconds.
Begin MonoManager ReloadAssembly
Native extension for OSXStandalone target not found
Native extension for WebGL target not found
Refreshing native plugins compatible for Editor in 0.47 ms, found 2 plugins.
Preloading 0 native plugins for Editor in 0.00 ms.
Invoked RoslynAnalysisRunner static constructor.
RoslynAnalysisRunner will not be running.
RoslynAnalysisRunner has terminated.
Mono: successfully reloaded assembly
- Completed reload, in  1.395 seconds
Platform modules already initialized, skipping
Refreshing native plugins compatible for Editor in 0.51 ms, found 2 plugins.
Preloading 0 native plugins for Editor in 0.00 ms.
Unloading 1836 Unused Serialized files (Serialized files now loaded: 0)
System memory in use before: 156.8 MB.
System memory in use after: 156.9 MB.

Unloading 8 unused Assets to reduce memory usage. Loaded Objects now: 2320.
Total: 3.561199 ms (FindLiveObjects: 0.476494 ms CreateObjectMapping: 0.159097 ms MarkObjects: 2.881122 ms  DeleteObjects: 0.041766 ms)

========================================================================
Received Prepare
Registering precompiled user dll's ...
Registered in 0.001608 seconds.
Begin MonoManager ReloadAssembly
Native extension for OSXStandalone target not found
Native extension for WebGL target not found
Refreshing native plugins compatible for Editor in 0.54 ms, found 2 plugins.
Preloading 0 native plugins for Editor in 0.00 ms.
Invoked RoslynAnalysisRunner static constructor.
RoslynAnalysisRunner will not be running.
RoslynAnalysisRunner has terminated.
Mono: successfully reloaded assembly
- Completed reload, in  1.726 seconds
Platform modules already initialized, skipping
Refreshing native plugins compatible for Editor in 0.78 ms, found 2 plugins.
Preloading 0 native plugins for Editor in 0.00 ms.
Unloading 1836 Unused Serialized files (Serialized files now loaded: 0)
System memory in use before: 157.0 MB.
System memory in use after: 157.1 MB.

Unloading 8 unused Assets to reduce memory usage. Loaded Objects now: 2324.
Total: 2.753435 ms (FindLiveObjects: 0.304175 ms CreateObjectMapping: 0.096098 ms MarkObjects: 2.297144 ms  DeleteObjects: 0.054449 ms)

========================================================================
Received Prepare
Registering precompiled user dll's ...
Registered in 0.004329 seconds.
Begin MonoManager ReloadAssembly
Native extension for OSXStandalone target not found
Native extension for WebGL target not found
Refreshing native plugins compatible for Editor in 0.48 ms, found 2 plugins.
Preloading 0 native plugins for Editor in 0.00 ms.
Invoked RoslynAnalysisRunner static constructor.
RoslynAnalysisRunner will not be running.
RoslynAnalysisRunner has terminated.
Mono: successfully reloaded assembly
- Completed reload, in  1.684 seconds
Platform modules already initialized, skipping
Refreshing native plugins compatible for Editor in 0.81 ms, found 2 plugins.
Preloading 0 native plugins for Editor in 0.00 ms.
Unloading 1836 Unused Serialized files (Serialized files now loaded: 0)
System memory in use before: 157.2 MB.
System memory in use after: 157.3 MB.

Unloading 8 unused Assets to reduce memory usage. Loaded Objects now: 2328.
Total: 3.642352 ms (FindLiveObjects: 0.531643 ms CreateObjectMapping: 0.128030 ms MarkObjects: 2.932905 ms  DeleteObjects: 0.047288 ms)

========================================================================
Received Prepare
Registering precompiled user dll's ...
Registered in 0.002603 seconds.
Begin MonoManager ReloadAssembly
Native extension for OSXStandalone target not found
Native extension for WebGL target not found
Refreshing native plugins compatible for Editor in 0.53 ms, found 2 plugins.
Preloading 0 native plugins for Editor in 0.00 ms.
Invoked RoslynAnalysisRunner static constructor.
RoslynAnalysisRunner will not be running.
RoslynAnalysisRunner has terminated.
Mono: successfully reloaded assembly
- Completed reload, in  3.771 seconds
Platform modules already initialized, skipping
Refreshing native plugins compatible for Editor in 0.61 ms, found 2 plugins.
Preloading 0 native plugins for Editor in 0.00 ms.
Unloading 1836 Unused Serialized files (Serialized files now loaded: 0)
System memory in use before: 157.4 MB.
System memory in use after: 157.5 MB.

Unloading 8 unused Assets to reduce memory usage. Loaded Objects now: 2332.
Total: 4.197396 ms (FindLiveObjects: 0.398025 ms CreateObjectMapping: 0.307250 ms MarkObjects: 3.439979 ms  DeleteObjects: 0.047931 ms)

========================================================================
Received Prepare
Registering precompiled user dll's ...
Registered in 0.007373 seconds.
Begin MonoManager ReloadAssembly
Native extension for OSXStandalone target not found
Native extension for WebGL target not found
Refreshing native plugins compatible for Editor in 0.47 ms, found 2 plugins.
Preloading 0 native plugins for Editor in 0.00 ms.
Invoked RoslynAnalysisRunner static constructor.
RoslynAnalysisRunner will not be running.
RoslynAnalysisRunner has terminated.
Mono: successfully reloaded assembly
- Completed reload, in  1.503 seconds
Platform modules already initialized, skipping
Refreshing native plugins compatible for Editor in 0.55 ms, found 2 plugins.
Preloading 0 native plugins for Editor in 0.00 ms.
Unloading 1836 Unused Serialized files (Serialized files now loaded: 0)
System memory in use before: 157.7 MB.
System memory in use after: 157.8 MB.

Unloading 8 unused Assets to reduce memory usage. Loaded Objects now: 2336.
Total: 3.641174 ms (FindLiveObjects: 0.813189 ms CreateObjectMapping: 0.181089 ms MarkObjects: 2.597214 ms  DeleteObjects: 0.046023 ms)

========================================================================
Received Prepare
Registering precompiled user dll's ...
Registered in 0.003550 seconds.
Begin MonoManager ReloadAssembly
Native extension for OSXStandalone target not found
Native extension for WebGL target not found
Refreshing native plugins compatible for Editor in 0.67 ms, found 2 plugins.
Preloading 0 native plugins for Editor in 0.00 ms.
Invoked RoslynAnalysisRunner static constructor.
RoslynAnalysisRunner will not be running.
RoslynAnalysisRunner has terminated.
Mono: successfully reloaded assembly
- Completed reload, in  1.657 seconds
Platform modules already initialized, skipping
Refreshing native plugins compatible for Editor in 0.88 ms, found 2 plugins.
Preloading 0 native plugins for Editor in 0.00 ms.
Unloading 1836 Unused Serialized files (Serialized files now loaded: 0)
System memory in use before: 158.1 MB.
System memory in use after: 158.2 MB.

Unloading 8 unused Assets to reduce memory usage. Loaded Objects now: 2340.
Total: 5.240564 ms (FindLiveObjects: 0.485351 ms CreateObjectMapping: 0.224229 ms MarkObjects: 4.479415 ms  DeleteObjects: 0.049031 ms)

========================================================================
Received Prepare
Refreshing native plugins compatible for Editor in 6.89 ms, found 2 plugins.
Preloading 0 native plugins for Editor in 0.00 ms.
Unloading 6 Unused Serialized files (Serialized files now loaded: 0)
System memory in use before: 122.1 MB.
System memory in use after: 122.2 MB.

Unloading 6 unused Assets to reduce memory usage. Loaded Objects now: 2340.
Total: 6.777278 ms (FindLiveObjects: 0.710944 ms CreateObjectMapping: 0.218223 ms MarkObjects: 5.815301 ms  DeleteObjects: 0.028995 ms)

========================================================================
Received Prepare
Refreshing native plugins compatible for Editor in 3.22 ms, found 2 plugins.
Preloading 0 native plugins for Editor in 0.00 ms.
Unloading 6 Unused Serialized files (Serialized files now loaded: 0)
System memory in use before: 122.1 MB.
System memory in use after: 122.2 MB.

Unloading 6 unused Assets to reduce memory usage. Loaded Objects now: 2340.
Total: 22.330129 ms (FindLiveObjects: 1.085010 ms CreateObjectMapping: 0.112545 ms MarkObjects: 21.053337 ms  DeleteObjects: 0.076142 ms)

