Using pre-set license

 COMMAND LINE ARGUMENTS:
/Applications/Unity/Hub/Editor/2020.3.0f1/Unity.app/Contents/MacOS/Unity
-adb2
-batchMode
-noUpm
-name
AssetImportWorker0
-projectPath
/Users/acarolren/Documents/studyHard/Unity-Projects/Fresh Pots
-logFile
Logs/AssetImportWorker0.log
-srvPort
60295
Successfully changed project path to: /Users/acarolren/Documents/studyHard/Unity-Projects/Fresh Pots
/Users/acarolren/Documents/studyHard/Unity-Projects/Fresh Pots
Using Asset Import Pipeline V2.
Refreshing native plugins compatible for Editor in 257.63 ms, found 2 plugins.
Preloading 0 native plugins for Editor in 0.00 ms.
Initialize engine version: 2020.3.0f1 (c7b5465681fb)
[Subsystems] Discovering subsystems at path /Applications/Unity/Hub/Editor/2020.3.0f1/Unity.app/Contents/Resources/UnitySubsystems
[Subsystems] Discovering subsystems at path /Users/acarolren/Documents/studyHard/Unity-Projects/Fresh Pots/Assets
GfxDevice: creating device client; threaded=0
2021-06-25 00:13:02.647 Unity[59002:4555933] Color LCD preferred device: Intel(R) UHD Graphics 617 (low power)
2021-06-25 00:13:02.647 Unity[59002:4555933] Metal devices available: 1
2021-06-25 00:13:02.648 Unity[59002:4555933] 0: Intel(R) UHD Graphics 617 (low power)
2021-06-25 00:13:02.650 Unity[59002:4555933] Using device Intel(R) UHD Graphics 617 (low power)
Initializing Metal device caps: Intel(R) UHD Graphics 617
Initialize mono
Mono path[0] = '/Applications/Unity/Hub/Editor/2020.3.0f1/Unity.app/Contents/Managed'
Mono path[1] = '/Applications/Unity/Hub/Editor/2020.3.0f1/Unity.app/Contents/MonoBleedingEdge/lib/mono/unityjit'
Mono config path = '/Applications/Unity/Hub/Editor/2020.3.0f1/Unity.app/Contents/MonoBleedingEdge/etc'
Using monoOptions --debugger-agent=transport=dt_socket,embedding=1,server=y,suspend=n,address=127.0.0.1:56002
Begin MonoManager ReloadAssembly
Error scanning for extension ivy.xml files: System.UnauthorizedAccessException: Access to the path '/Applications/Unity/Hub/Editor/2020.3.0f1/PlaybackEngines/WebGLSupport/BuildTools/Emscripten_Mac/node' is denied.
  at System.IO.__Error.WinIOError (System.Int32 errorCode, System.String maybeFullPath) [0x00129] in <eae584ce26bc40229c1b1aa476bfa589>:0 
  at System.IO.FileSystemEnumerableIterator`1[TSource].HandleError (System.Int32 hr, System.String path) [0x00006] in <eae584ce26bc40229c1b1aa476bfa589>:0 
  at System.IO.FileSystemEnumerableIterator`1[TSource].AddSearchableDirsToStack (System.IO.Directory+SearchData localSearchData) [0x00053] in <eae584ce26bc40229c1b1aa476bfa589>:0 
  at System.IO.FileSystemEnumerableIterator`1[TSource].MoveNext () [0x0008e] in <eae584ce26bc40229c1b1aa476bfa589>:0 
  at System.Collections.Generic.List`1[T]..ctor (System.Collections.Generic.IEnumerable`1[T] collection) [0x00077] in <eae584ce26bc40229c1b1aa476bfa589>:0 
  at System.IO.Directory.InternalGetFileDirectoryNames (System.String path, System.String userPathOriginal, System.String searchPattern, System.Boolean includeFiles, System.Boolean includeDirs, System.IO.SearchOption searchOption, System.Boolean checkHost) [0x0000f] in <eae584ce26bc40229c1b1aa476bfa589>:0 
  at System.IO.Directory.InternalGetFiles (System.String path, System.String searchPattern, System.IO.SearchOption searchOption) [0x00000] in <eae584ce26bc40229c1b1aa476bfa589>:0 
  at System.IO.Directory.GetFiles (System.String path, System.String searchPattern, System.IO.SearchOption searchOption) [0x00038] in <eae584ce26bc40229c1b1aa476bfa589>:0 
  at UnityEditor.Modules.ModuleManager.LoadLegacyExtensionsFromIvyFiles () [0x000a5] in /Users/bokken/buildslave/unity/build/Editor/Mono/Modules/ModuleManager.cs:253 
Registering precompiled unity dll's ...
Register platform support module: /Applications/Unity/Hub/Editor/2020.3.0f1/PlaybackEngines/WebGLSupport/UnityEditor.WebGL.Extensions.dll
Register platform support module: /Applications/Unity/Hub/Editor/2020.3.0f1/Unity.app/Contents/PlaybackEngines/MacStandaloneSupport/UnityEditor.OSXStandalone.Extensions.dll
Registered in 0.006088 seconds.
Native extension for OSXStandalone target not found
Native extension for WebGL target not found
Refreshing native plugins compatible for Editor in 50.24 ms, found 2 plugins.
Preloading 0 native plugins for Editor in 0.00 ms.
Invoked RoslynAnalysisRunner static constructor.
RoslynAnalysisRunner will not be running.
RoslynAnalysisRunner has terminated.
Mono: successfully reloaded assembly
- Completed reload, in  4.330 seconds
Platform modules already initialized, skipping
Registering precompiled user dll's ...
Registered in 0.003691 seconds.
Begin MonoManager ReloadAssembly
Native extension for OSXStandalone target not found
Native extension for WebGL target not found
Refreshing native plugins compatible for Editor in 48.96 ms, found 2 plugins.
Preloading 0 native plugins for Editor in 0.00 ms.
Invoked RoslynAnalysisRunner static constructor.
RoslynAnalysisRunner will not be running.
RoslynAnalysisRunner has terminated.
Mono: successfully reloaded assembly
- Completed reload, in  1.587 seconds
Platform modules already initialized, skipping
========================================================================
Worker process is ready to serve import requests
Launching external process: /Applications/Unity/Hub/Editor/2020.3.0f1/Unity.app/Contents/Tools/UnityShaderCompiler
Launched and connected shader compiler UnityShaderCompiler after 0.03 seconds
Refreshing native plugins compatible for Editor in 0.52 ms, found 2 plugins.
Preloading 0 native plugins for Editor in 0.00 ms.
Unloading 1846 Unused Serialized files (Serialized files now loaded: 0)
System memory in use before: 144.4 MB.
System memory in use after: 144.5 MB.

Unloading 20 unused Assets to reduce memory usage. Loaded Objects now: 2294.
Total: 3.163469 ms (FindLiveObjects: 0.389218 ms CreateObjectMapping: 0.146827 ms MarkObjects: 2.514531 ms  DeleteObjects: 0.108221 ms)

========================================================================
Received Import Request.
  path: ProjectSettings/TagManager.asset
  artifactKey: Guid(00000000000000003000000000000000) Importer(815301076,1909f56bfc062723c751e8b465ee728b)
Start importing ProjectSettings/TagManager.asset using Guid(00000000000000003000000000000000) Importer(815301076,1909f56bfc062723c751e8b465ee728b)  -> (artifact id: '9f18739299d611e1ff97c9360e1ac849') in 1.325703 seconds
  Import took 1.333483 seconds .

========================================================================
Received Import Request.
  Time since last request: 53.222048 seconds.
  path: Assets/Scripts/Colect.cs
  artifactKey: Guid(32357fa87c3fb446592fd3d015f6131e) Importer(815301076,1909f56bfc062723c751e8b465ee728b)
Start importing Assets/Scripts/Colect.cs using Guid(32357fa87c3fb446592fd3d015f6131e) Importer(815301076,1909f56bfc062723c751e8b465ee728b)  -> (artifact id: '6e1b10df3e09ff0ce828f94815f1bf6e') in 0.738283 seconds
  Import took 0.748269 seconds .

========================================================================
Received Prepare
Registering precompiled user dll's ...
Registered in 0.003778 seconds.
Begin MonoManager ReloadAssembly
Native extension for OSXStandalone target not found
Native extension for WebGL target not found
Refreshing native plugins compatible for Editor in 0.49 ms, found 2 plugins.
Preloading 0 native plugins for Editor in 0.00 ms.
Invoked RoslynAnalysisRunner static constructor.
RoslynAnalysisRunner will not be running.
RoslynAnalysisRunner has terminated.
Mono: successfully reloaded assembly
- Completed reload, in  1.804 seconds
Platform modules already initialized, skipping
Refreshing native plugins compatible for Editor in 0.70 ms, found 2 plugins.
Preloading 0 native plugins for Editor in 0.00 ms.
Unloading 1837 Unused Serialized files (Serialized files now loaded: 0)
System memory in use before: 152.8 MB.
System memory in use after: 152.9 MB.

Unloading 9 unused Assets to reduce memory usage. Loaded Objects now: 2299.
Total: 3.428423 ms (FindLiveObjects: 0.485265 ms CreateObjectMapping: 0.157414 ms MarkObjects: 2.734959 ms  DeleteObjects: 0.047237 ms)

========================================================================
Received Import Request.
  Time since last request: 489.845737 seconds.
  path: Assets/Scripts/Colect.cs
  artifactKey: Guid(32357fa87c3fb446592fd3d015f6131e) Importer(815301076,1909f56bfc062723c751e8b465ee728b)
Start importing Assets/Scripts/Colect.cs using Guid(32357fa87c3fb446592fd3d015f6131e) Importer(815301076,1909f56bfc062723c751e8b465ee728b)  -> (artifact id: '39e8cb9d7dce962aa407faaf53baa9dc') in 0.499786 seconds
  Import took 1.068885 seconds .

========================================================================
Received Import Request.
  Time since last request: 42.247704 seconds.
  path: Assets/Scripts/ColectItens.cs
  artifactKey: Guid(32357fa87c3fb446592fd3d015f6131e) Importer(815301076,1909f56bfc062723c751e8b465ee728b)
Start importing Assets/Scripts/ColectItens.cs using Guid(32357fa87c3fb446592fd3d015f6131e) Importer(815301076,1909f56bfc062723c751e8b465ee728b)  -> (artifact id: '6469d2de022eb4e571fcb7eaa91c3c1e') in 0.014377 seconds
  Import took 0.027308 seconds .

========================================================================
Received Import Request.
  Time since last request: 0.080945 seconds.
  path: Assets/Scripts/ColectItens.cs
  artifactKey: Guid(32357fa87c3fb446592fd3d015f6131e) Importer(815301076,1909f56bfc062723c751e8b465ee728b)
Start importing Assets/Scripts/ColectItens.cs using Guid(32357fa87c3fb446592fd3d015f6131e) Importer(815301076,1909f56bfc062723c751e8b465ee728b)  -> (artifact id: '6469d2de022eb4e571fcb7eaa91c3c1e') in 0.004331 seconds
  Import took 0.011115 seconds .

========================================================================
Received Import Request.
  Time since last request: 60.941752 seconds.
  path: Assets/Scripts/ColectItens.cs
  artifactKey: Guid(32357fa87c3fb446592fd3d015f6131e) Importer(815301076,1909f56bfc062723c751e8b465ee728b)
Start importing Assets/Scripts/ColectItens.cs using Guid(32357fa87c3fb446592fd3d015f6131e) Importer(815301076,1909f56bfc062723c751e8b465ee728b)  -> (artifact id: '1d89b639103c6799770b80951579e1d1') in 0.031329 seconds
  Import took 0.044201 seconds .

========================================================================
Received Import Request.
  Time since last request: 34.511977 seconds.
  path: Assets/Scripts/ColectItens.cs
  artifactKey: Guid(32357fa87c3fb446592fd3d015f6131e) Importer(815301076,1909f56bfc062723c751e8b465ee728b)
Start importing Assets/Scripts/ColectItens.cs using Guid(32357fa87c3fb446592fd3d015f6131e) Importer(815301076,1909f56bfc062723c751e8b465ee728b)  -> (artifact id: '65824e1753537b0afba21cdb058ffe40') in 0.008130 seconds
  Import took 0.023168 seconds .

========================================================================
Received Import Request.
  Time since last request: 15.511642 seconds.
  path: Assets/Scripts/ColectItens.cs
  artifactKey: Guid(32357fa87c3fb446592fd3d015f6131e) Importer(815301076,1909f56bfc062723c751e8b465ee728b)
Start importing Assets/Scripts/ColectItens.cs using Guid(32357fa87c3fb446592fd3d015f6131e) Importer(815301076,1909f56bfc062723c751e8b465ee728b)  -> (artifact id: '4ddcf7b96645a59b7dbc2e89df082754') in 0.004210 seconds
  Import took 0.013866 seconds .

========================================================================
Received Import Request.
  Time since last request: 16.279407 seconds.
  path: Assets/Scripts/Colect.cs
  artifactKey: Guid(1cff7c616fff04a61a2a801ae6201e5a) Importer(815301076,1909f56bfc062723c751e8b465ee728b)
Start importing Assets/Scripts/Colect.cs using Guid(1cff7c616fff04a61a2a801ae6201e5a) Importer(815301076,1909f56bfc062723c751e8b465ee728b)  -> (artifact id: '9b86ad4071e08378fa2b78cb8960c789') in 0.003806 seconds
  Import took 0.013623 seconds .

========================================================================
Received Prepare
Registering precompiled user dll's ...
Registered in 0.002843 seconds.
Begin MonoManager ReloadAssembly
Native extension for OSXStandalone target not found
Native extension for WebGL target not found
Refreshing native plugins compatible for Editor in 0.57 ms, found 2 plugins.
Preloading 0 native plugins for Editor in 0.00 ms.
Invoked RoslynAnalysisRunner static constructor.
RoslynAnalysisRunner will not be running.
RoslynAnalysisRunner has terminated.
Mono: successfully reloaded assembly
- Completed reload, in  2.135 seconds
Platform modules already initialized, skipping
Refreshing native plugins compatible for Editor in 1.04 ms, found 2 plugins.
Preloading 0 native plugins for Editor in 0.00 ms.
Unloading 1836 Unused Serialized files (Serialized files now loaded: 0)
System memory in use before: 153.1 MB.
System memory in use after: 153.2 MB.

Unloading 9 unused Assets to reduce memory usage. Loaded Objects now: 2302.
Total: 4.216265 ms (FindLiveObjects: 0.686776 ms CreateObjectMapping: 0.161553 ms MarkObjects: 3.240773 ms  DeleteObjects: 0.047691 ms)

========================================================================
Received Prepare
Registering precompiled user dll's ...
Registered in 0.002499 seconds.
Begin MonoManager ReloadAssembly
Native extension for OSXStandalone target not found
Native extension for WebGL target not found
Refreshing native plugins compatible for Editor in 1.52 ms, found 2 plugins.
Preloading 0 native plugins for Editor in 0.00 ms.
Invoked RoslynAnalysisRunner static constructor.
RoslynAnalysisRunner will not be running.
RoslynAnalysisRunner has terminated.
Mono: successfully reloaded assembly
- Completed reload, in  2.830 seconds
Platform modules already initialized, skipping
Refreshing native plugins compatible for Editor in 0.61 ms, found 2 plugins.
Preloading 0 native plugins for Editor in 0.00 ms.
Unloading 1836 Unused Serialized files (Serialized files now loaded: 0)
System memory in use before: 153.3 MB.
System memory in use after: 153.4 MB.

Unloading 8 unused Assets to reduce memory usage. Loaded Objects now: 2306.
Total: 5.021083 ms (FindLiveObjects: 0.697741 ms CreateObjectMapping: 0.179777 ms MarkObjects: 4.105946 ms  DeleteObjects: 0.034378 ms)

========================================================================
Received Import Request.
  Time since last request: 115.250576 seconds.
  path: Assets/Scripts/ColectItems.cs
  artifactKey: Guid(0752a8a83d1fe4836a1bb5554c5603af) Importer(815301076,1909f56bfc062723c751e8b465ee728b)
Start importing Assets/Scripts/ColectItems.cs using Guid(0752a8a83d1fe4836a1bb5554c5603af) Importer(815301076,1909f56bfc062723c751e8b465ee728b)  -> (artifact id: '4be68180b49b80f2405df0a6a30bd64d') in 0.021674 seconds
  Import took 0.033053 seconds .

========================================================================
Received Prepare
Registering precompiled user dll's ...
Registered in 0.001847 seconds.
Begin MonoManager ReloadAssembly
Native extension for OSXStandalone target not found
Native extension for WebGL target not found
Refreshing native plugins compatible for Editor in 0.64 ms, found 2 plugins.
Preloading 0 native plugins for Editor in 0.00 ms.
Invoked RoslynAnalysisRunner static constructor.
RoslynAnalysisRunner will not be running.
RoslynAnalysisRunner has terminated.
Mono: successfully reloaded assembly
- Completed reload, in  4.404 seconds
Platform modules already initialized, skipping
Refreshing native plugins compatible for Editor in 0.89 ms, found 2 plugins.
Preloading 0 native plugins for Editor in 0.00 ms.
Unloading 1837 Unused Serialized files (Serialized files now loaded: 0)
System memory in use before: 153.5 MB.
System memory in use after: 153.6 MB.

Unloading 8 unused Assets to reduce memory usage. Loaded Objects now: 2311.
Total: 4.232004 ms (FindLiveObjects: 0.572488 ms CreateObjectMapping: 0.175930 ms MarkObjects: 3.445784 ms  DeleteObjects: 0.035834 ms)

========================================================================
Received Import Request.
  Time since last request: 52.720292 seconds.
  path: Assets/Scripts/ColectItems.cs
  artifactKey: Guid(0752a8a83d1fe4836a1bb5554c5603af) Importer(815301076,1909f56bfc062723c751e8b465ee728b)
Start importing Assets/Scripts/ColectItems.cs using Guid(0752a8a83d1fe4836a1bb5554c5603af) Importer(815301076,1909f56bfc062723c751e8b465ee728b)  -> (artifact id: '82e93d81868833ad81476578c1ba9f9c') in 0.009057 seconds
  Import took 0.017098 seconds .

========================================================================
Received Import Request.
  Time since last request: 8.988273 seconds.
  path: Assets/Scripts/ColectItems.cs
  artifactKey: Guid(0752a8a83d1fe4836a1bb5554c5603af) Importer(815301076,1909f56bfc062723c751e8b465ee728b)
Start importing Assets/Scripts/ColectItems.cs using Guid(0752a8a83d1fe4836a1bb5554c5603af) Importer(815301076,1909f56bfc062723c751e8b465ee728b)  -> (artifact id: '75fdd733c6ed550c951f7dadd27ab50c') in 0.005291 seconds
  Import took 0.020689 seconds .

========================================================================
Received Prepare
Registering precompiled user dll's ...
Registered in 0.003638 seconds.
Begin MonoManager ReloadAssembly
Native extension for OSXStandalone target not found
Native extension for WebGL target not found
Refreshing native plugins compatible for Editor in 0.52 ms, found 2 plugins.
Preloading 0 native plugins for Editor in 0.00 ms.
Invoked RoslynAnalysisRunner static constructor.
RoslynAnalysisRunner will not be running.
RoslynAnalysisRunner has terminated.
Mono: successfully reloaded assembly
- Completed reload, in  1.567 seconds
Platform modules already initialized, skipping
Refreshing native plugins compatible for Editor in 0.65 ms, found 2 plugins.
Preloading 0 native plugins for Editor in 0.00 ms.
Unloading 1837 Unused Serialized files (Serialized files now loaded: 0)
System memory in use before: 153.7 MB.
System memory in use after: 153.8 MB.

Unloading 8 unused Assets to reduce memory usage. Loaded Objects now: 2315.
Total: 3.586161 ms (FindLiveObjects: 0.464379 ms CreateObjectMapping: 0.115160 ms MarkObjects: 2.962834 ms  DeleteObjects: 0.041649 ms)

========================================================================
Received Prepare
Registering precompiled user dll's ...
Registered in 0.005848 seconds.
Begin MonoManager ReloadAssembly
Native extension for OSXStandalone target not found
Native extension for WebGL target not found
Refreshing native plugins compatible for Editor in 0.41 ms, found 2 plugins.
Preloading 0 native plugins for Editor in 0.00 ms.
Invoked RoslynAnalysisRunner static constructor.
RoslynAnalysisRunner will not be running.
RoslynAnalysisRunner has terminated.
Mono: successfully reloaded assembly
- Completed reload, in  2.258 seconds
Platform modules already initialized, skipping
Refreshing native plugins compatible for Editor in 2.42 ms, found 2 plugins.
Preloading 0 native plugins for Editor in 0.00 ms.
Unloading 1837 Unused Serialized files (Serialized files now loaded: 0)
System memory in use before: 153.9 MB.
System memory in use after: 154.1 MB.

Unloading 8 unused Assets to reduce memory usage. Loaded Objects now: 2319.
Total: 15.728403 ms (FindLiveObjects: 0.805255 ms CreateObjectMapping: 0.170681 ms MarkObjects: 12.611765 ms  DeleteObjects: 2.136260 ms)

========================================================================
Received Prepare
Registering precompiled user dll's ...
Registered in 0.007036 seconds.
Begin MonoManager ReloadAssembly
Native extension for OSXStandalone target not found
Native extension for WebGL target not found
Refreshing native plugins compatible for Editor in 0.53 ms, found 2 plugins.
Preloading 0 native plugins for Editor in 0.00 ms.
Invoked RoslynAnalysisRunner static constructor.
RoslynAnalysisRunner will not be running.
RoslynAnalysisRunner has terminated.
Mono: successfully reloaded assembly
- Completed reload, in  2.008 seconds
Platform modules already initialized, skipping
Refreshing native plugins compatible for Editor in 0.60 ms, found 2 plugins.
Preloading 0 native plugins for Editor in 0.00 ms.
Unloading 1837 Unused Serialized files (Serialized files now loaded: 0)
System memory in use before: 154.1 MB.
System memory in use after: 154.3 MB.

Unloading 8 unused Assets to reduce memory usage. Loaded Objects now: 2323.
Total: 9.760688 ms (FindLiveObjects: 4.379919 ms CreateObjectMapping: 0.264330 ms MarkObjects: 5.063495 ms  DeleteObjects: 0.049571 ms)

========================================================================
Received Prepare
Registering precompiled user dll's ...
Registered in 0.006266 seconds.
Begin MonoManager ReloadAssembly
Native extension for OSXStandalone target not found
Native extension for WebGL target not found
Refreshing native plugins compatible for Editor in 0.44 ms, found 2 plugins.
Preloading 0 native plugins for Editor in 0.00 ms.
Invoked RoslynAnalysisRunner static constructor.
RoslynAnalysisRunner will not be running.
RoslynAnalysisRunner has terminated.
Mono: successfully reloaded assembly
- Completed reload, in  2.186 seconds
Platform modules already initialized, skipping
Refreshing native plugins compatible for Editor in 0.79 ms, found 2 plugins.
Preloading 0 native plugins for Editor in 0.00 ms.
Unloading 1837 Unused Serialized files (Serialized files now loaded: 0)
System memory in use before: 154.4 MB.
System memory in use after: 154.5 MB.

Unloading 8 unused Assets to reduce memory usage. Loaded Objects now: 2327.
Total: 5.233574 ms (FindLiveObjects: 0.311323 ms CreateObjectMapping: 0.107382 ms MarkObjects: 3.844585 ms  DeleteObjects: 0.944672 ms)

========================================================================
Received Prepare
Registering precompiled user dll's ...
Registered in 0.019045 seconds.
Begin MonoManager ReloadAssembly
Native extension for OSXStandalone target not found
Native extension for WebGL target not found
Refreshing native plugins compatible for Editor in 0.46 ms, found 2 plugins.
Preloading 0 native plugins for Editor in 0.00 ms.
Invoked RoslynAnalysisRunner static constructor.
RoslynAnalysisRunner will not be running.
RoslynAnalysisRunner has terminated.
Mono: successfully reloaded assembly
- Completed reload, in  2.123 seconds
Platform modules already initialized, skipping
Refreshing native plugins compatible for Editor in 0.61 ms, found 2 plugins.
Preloading 0 native plugins for Editor in 0.00 ms.
Unloading 1837 Unused Serialized files (Serialized files now loaded: 0)
System memory in use before: 154.6 MB.
System memory in use after: 154.7 MB.

Unloading 8 unused Assets to reduce memory usage. Loaded Objects now: 2331.
Total: 10.639351 ms (FindLiveObjects: 5.958102 ms CreateObjectMapping: 0.252849 ms MarkObjects: 4.359659 ms  DeleteObjects: 0.063997 ms)

========================================================================
Received Prepare
Registering precompiled user dll's ...
Registered in 0.002286 seconds.
Begin MonoManager ReloadAssembly
Native extension for OSXStandalone target not found
Native extension for WebGL target not found
Refreshing native plugins compatible for Editor in 0.49 ms, found 2 plugins.
Preloading 0 native plugins for Editor in 0.00 ms.
Invoked RoslynAnalysisRunner static constructor.
RoslynAnalysisRunner will not be running.
RoslynAnalysisRunner has terminated.
Mono: successfully reloaded assembly
- Completed reload, in  1.353 seconds
Platform modules already initialized, skipping
Refreshing native plugins compatible for Editor in 0.50 ms, found 2 plugins.
Preloading 0 native plugins for Editor in 0.00 ms.
Unloading 1837 Unused Serialized files (Serialized files now loaded: 0)
System memory in use before: 154.8 MB.
System memory in use after: 154.9 MB.

Unloading 8 unused Assets to reduce memory usage. Loaded Objects now: 2335.
Total: 4.120583 ms (FindLiveObjects: 0.649172 ms CreateObjectMapping: 0.202493 ms MarkObjects: 2.183696 ms  DeleteObjects: 1.082686 ms)

========================================================================
Received Prepare
Registering precompiled user dll's ...
Registered in 0.006623 seconds.
Begin MonoManager ReloadAssembly
Native extension for OSXStandalone target not found
Native extension for WebGL target not found
Refreshing native plugins compatible for Editor in 0.52 ms, found 2 plugins.
Preloading 0 native plugins for Editor in 0.00 ms.
Invoked RoslynAnalysisRunner static constructor.
RoslynAnalysisRunner will not be running.
RoslynAnalysisRunner has terminated.
Mono: successfully reloaded assembly
- Completed reload, in  2.929 seconds
Platform modules already initialized, skipping
Refreshing native plugins compatible for Editor in 0.73 ms, found 2 plugins.
Preloading 0 native plugins for Editor in 0.00 ms.
Unloading 1837 Unused Serialized files (Serialized files now loaded: 0)
System memory in use before: 155.0 MB.
System memory in use after: 155.1 MB.

Unloading 8 unused Assets to reduce memory usage. Loaded Objects now: 2339.
Total: 10.349089 ms (FindLiveObjects: 1.467549 ms CreateObjectMapping: 0.208556 ms MarkObjects: 8.515610 ms  DeleteObjects: 0.149412 ms)

========================================================================
Received Prepare
Registering precompiled user dll's ...
Registered in 0.003338 seconds.
Begin MonoManager ReloadAssembly
Native extension for OSXStandalone target not found
Native extension for WebGL target not found
Refreshing native plugins compatible for Editor in 0.55 ms, found 2 plugins.
Preloading 0 native plugins for Editor in 0.00 ms.
Invoked RoslynAnalysisRunner static constructor.
RoslynAnalysisRunner will not be running.
RoslynAnalysisRunner has terminated.
Mono: successfully reloaded assembly
- Completed reload, in  1.748 seconds
Platform modules already initialized, skipping
Refreshing native plugins compatible for Editor in 0.89 ms, found 2 plugins.
Preloading 0 native plugins for Editor in 0.00 ms.
Unloading 1837 Unused Serialized files (Serialized files now loaded: 0)
System memory in use before: 155.2 MB.
System memory in use after: 155.3 MB.

Unloading 8 unused Assets to reduce memory usage. Loaded Objects now: 2343.
Total: 5.237037 ms (FindLiveObjects: 0.536002 ms CreateObjectMapping: 0.168062 ms MarkObjects: 3.463200 ms  DeleteObjects: 1.067658 ms)

========================================================================
Received Prepare
Registering precompiled user dll's ...
Registered in 0.006816 seconds.
Begin MonoManager ReloadAssembly
Native extension for OSXStandalone target not found
Native extension for WebGL target not found
Refreshing native plugins compatible for Editor in 0.78 ms, found 2 plugins.
Preloading 0 native plugins for Editor in 0.00 ms.
Invoked RoslynAnalysisRunner static constructor.
RoslynAnalysisRunner will not be running.
RoslynAnalysisRunner has terminated.
Mono: successfully reloaded assembly
- Completed reload, in  1.632 seconds
Platform modules already initialized, skipping
Refreshing native plugins compatible for Editor in 0.50 ms, found 2 plugins.
Preloading 0 native plugins for Editor in 0.00 ms.
Unloading 1837 Unused Serialized files (Serialized files now loaded: 0)
System memory in use before: 155.4 MB.
System memory in use after: 155.5 MB.

Unloading 8 unused Assets to reduce memory usage. Loaded Objects now: 2347.
Total: 4.154128 ms (FindLiveObjects: 0.384401 ms CreateObjectMapping: 0.139506 ms MarkObjects: 2.474427 ms  DeleteObjects: 1.152624 ms)

========================================================================
Received Prepare
Registering precompiled user dll's ...
Registered in 0.004194 seconds.
Begin MonoManager ReloadAssembly
Native extension for OSXStandalone target not found
Native extension for WebGL target not found
Refreshing native plugins compatible for Editor in 0.44 ms, found 2 plugins.
Preloading 0 native plugins for Editor in 0.00 ms.
Invoked RoslynAnalysisRunner static constructor.
RoslynAnalysisRunner will not be running.
RoslynAnalysisRunner has terminated.
Mono: successfully reloaded assembly
- Completed reload, in  1.561 seconds
Platform modules already initialized, skipping
Refreshing native plugins compatible for Editor in 0.88 ms, found 2 plugins.
Preloading 0 native plugins for Editor in 0.00 ms.
Unloading 1837 Unused Serialized files (Serialized files now loaded: 0)
System memory in use before: 155.6 MB.
System memory in use after: 155.7 MB.

Unloading 8 unused Assets to reduce memory usage. Loaded Objects now: 2351.
Total: 3.638964 ms (FindLiveObjects: 0.360637 ms CreateObjectMapping: 0.106805 ms MarkObjects: 3.122359 ms  DeleteObjects: 0.046337 ms)

========================================================================
Received Prepare
Registering precompiled user dll's ...
Registered in 0.006139 seconds.
Begin MonoManager ReloadAssembly
Native extension for OSXStandalone target not found
Native extension for WebGL target not found
Refreshing native plugins compatible for Editor in 0.53 ms, found 2 plugins.
Preloading 0 native plugins for Editor in 0.00 ms.
Invoked RoslynAnalysisRunner static constructor.
RoslynAnalysisRunner will not be running.
RoslynAnalysisRunner has terminated.
Mono: successfully reloaded assembly
- Completed reload, in  1.842 seconds
Platform modules already initialized, skipping
Refreshing native plugins compatible for Editor in 0.73 ms, found 2 plugins.
Preloading 0 native plugins for Editor in 0.00 ms.
Unloading 1837 Unused Serialized files (Serialized files now loaded: 0)
System memory in use before: 155.8 MB.
System memory in use after: 155.9 MB.

Unloading 8 unused Assets to reduce memory usage. Loaded Objects now: 2355.
Total: 5.062018 ms (FindLiveObjects: 0.387424 ms CreateObjectMapping: 0.112149 ms MarkObjects: 4.443352 ms  DeleteObjects: 0.116259 ms)

========================================================================
Received Prepare
Registering precompiled user dll's ...
Registered in 0.004433 seconds.
Begin MonoManager ReloadAssembly
Native extension for OSXStandalone target not found
Native extension for WebGL target not found
Refreshing native plugins compatible for Editor in 0.48 ms, found 2 plugins.
Preloading 0 native plugins for Editor in 0.00 ms.
Invoked RoslynAnalysisRunner static constructor.
RoslynAnalysisRunner will not be running.
RoslynAnalysisRunner has terminated.
Mono: successfully reloaded assembly
- Completed reload, in  1.557 seconds
Platform modules already initialized, skipping
Refreshing native plugins compatible for Editor in 0.61 ms, found 2 plugins.
Preloading 0 native plugins for Editor in 0.00 ms.
Unloading 1837 Unused Serialized files (Serialized files now loaded: 0)
System memory in use before: 156.0 MB.
System memory in use after: 156.1 MB.

Unloading 8 unused Assets to reduce memory usage. Loaded Objects now: 2359.
Total: 3.593202 ms (FindLiveObjects: 0.538923 ms CreateObjectMapping: 0.157330 ms MarkObjects: 2.848644 ms  DeleteObjects: 0.045876 ms)

========================================================================
Received Prepare
Registering precompiled user dll's ...
Registered in 0.001846 seconds.
Begin MonoManager ReloadAssembly
Native extension for OSXStandalone target not found
Native extension for WebGL target not found
Refreshing native plugins compatible for Editor in 0.55 ms, found 2 plugins.
Preloading 0 native plugins for Editor in 0.00 ms.
Invoked RoslynAnalysisRunner static constructor.
RoslynAnalysisRunner will not be running.
RoslynAnalysisRunner has terminated.
Mono: successfully reloaded assembly
- Completed reload, in  1.520 seconds
Platform modules already initialized, skipping
Refreshing native plugins compatible for Editor in 0.64 ms, found 2 plugins.
Preloading 0 native plugins for Editor in 0.00 ms.
Unloading 1837 Unused Serialized files (Serialized files now loaded: 0)
System memory in use before: 156.2 MB.
System memory in use after: 156.3 MB.

Unloading 8 unused Assets to reduce memory usage. Loaded Objects now: 2363.
Total: 3.398032 ms (FindLiveObjects: 0.526375 ms CreateObjectMapping: 0.134434 ms MarkObjects: 2.677407 ms  DeleteObjects: 0.057509 ms)

========================================================================
Received Prepare
Registering precompiled user dll's ...
Registered in 0.004123 seconds.
Begin MonoManager ReloadAssembly
Native extension for OSXStandalone target not found
Native extension for WebGL target not found
Refreshing native plugins compatible for Editor in 0.44 ms, found 2 plugins.
Preloading 0 native plugins for Editor in 0.00 ms.
Invoked RoslynAnalysisRunner static constructor.
RoslynAnalysisRunner will not be running.
RoslynAnalysisRunner has terminated.
Mono: successfully reloaded assembly
- Completed reload, in  1.755 seconds
Platform modules already initialized, skipping
Refreshing native plugins compatible for Editor in 0.97 ms, found 2 plugins.
Preloading 0 native plugins for Editor in 0.00 ms.
Unloading 1837 Unused Serialized files (Serialized files now loaded: 0)
System memory in use before: 156.4 MB.
System memory in use after: 156.5 MB.

Unloading 8 unused Assets to reduce memory usage. Loaded Objects now: 2367.
Total: 4.459097 ms (FindLiveObjects: 0.466796 ms CreateObjectMapping: 0.149344 ms MarkObjects: 2.895186 ms  DeleteObjects: 0.944998 ms)

